make all --print-data-base --no-builtin-variables --no-builtin-rules --question
make: *** No rule to make target 'all'.  Stop.

# GNU Make 4.2.1
# Built for x86_64-pc-linux-gnu
# Copyright (C) 1988-2016 Free Software Foundation, Inc.
# License GPLv3+: GNU GPL version 3 or later <http://gnu.org/licenses/gpl.html>
# This is free software: you are free to change and redistribute it.
# There is NO WARRANTY, to the extent permitted by law.

# Make data base, printed on Tue Aug 16 10:57:25 2022

# Variables

# automatic
<D = $(patsubst %/,%,$(dir $<))
# automatic
?F = $(notdir $?)
# default
.SHELLFLAGS := -c
# environment
VSCODE_AGENT_FOLDER = /home/coder/.vscode-server
# automatic
?D = $(patsubst %/,%,$(dir $?))
# automatic
@D = $(patsubst %/,%,$(dir $@))
# automatic
@F = $(notdir $@)
# makefile
CURDIR := /home/coder/Formacao_42
# makefile
SHELL = /bin/sh
# environment
VSCODE_NLS_CONFIG = {"locale":"pt-br","availableLanguages":{"*":"pt-br"},"_languagePackId":"89ebf7d0bb12d1282a52b02d65044dbc.pt-br","_translationsConfigFile":"/home/coder/.vscode-server/data/clp/89ebf7d0bb12d1282a52b02d65044dbc.pt-br/tcf.json","_cacheRoot":"/home/coder/.vscode-server/data/clp/89ebf7d0bb12d1282a52b02d65044dbc.pt-br","_resolvedLanguagePackCoreLocation":"/home/coder/.vscode-server/data/clp/89ebf7d0bb12d1282a52b02d65044dbc.pt-br/6d9b74a70ca9c7733b29f0456fd8195364076dda","_corruptedFile":"/home/coder/.vscode-server/data/clp/89ebf7d0bb12d1282a52b02d65044dbc.pt-br/corrupted.info","_languagePackSupport":true}
# environment
_ = /home/coder/.vscode-server/bin/6d9b74a70ca9c7733b29f0456fd8195364076dda/node
# makefile
MAKEFILE_LIST := 
# 'override' directive
GNUMAKEFLAGS := 
# environment
VSCODE_CWD = /home/coder
# environment
SSH_CONNECTION = 192.168.90.0 1688 192.168.76.124 2222
# environment
PATH = /home/coder/.vscode-server/bin/6d9b74a70ca9c7733b29f0456fd8195364076dda/bin/remote-cli:/usr/local/sbin:/usr/local/bin:/usr/sbin:/usr/bin:/sbin:/bin:/usr/games:/usr/local/games:/snap/bin
# environment
ELECTRON_RUN_AS_NODE = 1
# environment
VSCODE_IPC_HOOK_CLI = /tmp/vscode-ipc-80e08ec4-a4fe-425a-a590-8a4bee969d96.sock
# default
.FEATURES := target-specific order-only second-expansion else-if shortest-stem undefine oneshell archives jobserver output-sync check-symlink load
# automatic
%F = $(notdir $%)
# environment
PWD = /home/coder/Formacao_42
# default
.LOADED := 
# automatic
*D = $(patsubst %/,%,$(dir $*))
# environment
VSCODE_AMD_ENTRYPOINT = vs/workbench/api/node/extensionHostProcess
# environment
HOME = /home/coder
# environment
LOGNAME = coder
# environment
APPLICATION_INSIGHTS_NO_DIAGNOSTIC_CHANNEL = 1
# automatic
+F = $(notdir $+)
# environment
VSCODE_HANDLES_UNCAUGHT_ERRORS = true
# automatic
^D = $(patsubst %/,%,$(dir $^))
# environment
MAKELEVEL := 0
# default
MAKE = $(MAKE_COMMAND)
# default
MAKECMDGOALS := all
# environment
SHLVL = 0
# default
MAKE_VERSION := 4.2.1
# environment
USER = coder
# makefile
.DEFAULT_GOAL := 
# automatic
%D = $(patsubst %/,%,$(dir $%))
# default
MAKE_COMMAND := make
# default
.VARIABLES := 
# automatic
*F = $(notdir $*)
# makefile
MAKEFLAGS = pqrR
# environment
MFLAGS = -pqrR
# environment
SSH_CLIENT = 192.168.90.0 1688 2222
# automatic
+D = $(patsubst %/,%,$(dir $+))
# environment
BROWSER = /home/coder/.vscode-server/bin/6d9b74a70ca9c7733b29f0456fd8195364076dda/bin/helpers/browser.sh
# environment
VSCODE_HANDLES_SIGPIPE = true
# default
MAKEFILES := 
# automatic
<F = $(notdir $<)
# environment
LC_ALL = C
# automatic
^F = $(notdir $^)
# default
SUFFIXES := 
# default
.INCLUDE_DIRS = /usr/include /usr/local/include /usr/include
# default
.RECIPEPREFIX := 
# default
MAKE_HOST := x86_64-pc-linux-gnu
# environment
LANG = C
# environment
MOTD_SHOWN = pam
# variable set hash-table stats:
# Load=57/1024=6%, Rehash=0, Collisions=7/79=9%

# Pattern-specific Variable Values

# No pattern-specific variable values.

# Directories

# . (device 115, inode 263690248): 15 files, no impossibilities.

# 15 files, no impossibilities in 1 directories.

# Implicit Rules

# No implicit rules.

# Files

# Not a target:
all:
#  Command line target.
#  Implicit rule search has been done.
#  File does not exist.
#  File has not been updated.

# Not a target:
Makefile:
#  Implicit rule search has been done.
#  File does not exist.
#  File has been updated.
#  Failed to be updated.

# Not a target:
makefile:
#  Implicit rule search has been done.
#  File does not exist.
#  File has been updated.
#  Failed to be updated.

# Not a target:
.DEFAULT:
#  Implicit rule search has not been done.
#  Modification time never checked.
#  File has not been updated.

# Not a target:
GNUmakefile:
#  Implicit rule search has been done.
#  File does not exist.
#  File has been updated.
#  Failed to be updated.

# files hash-table stats:
# Load=6/1024=1%, Rehash=0, Collisions=0/15=0%
# VPATH Search Paths

# No 'vpath' search paths.

# No general ('VPATH' variable) search path.

# strcache buffers: 1 (0) / strings = 23 / storage = 193 B / avg = 8 B
# current buf: size = 8162 B / used = 193 B / count = 23 / avg = 8 B

# strcache performance: lookups = 26 / hit rate = 11%
# hash-table stats:
# Load=23/8192=0%, Rehash=0, Collisions=1/26=4%
# Finished Make data base on Tue Aug 16 10:57:25 2022

 
